#
# There is insufficient memory for the Java Runtime Environment to continue.
# Native memory allocation (malloc) failed to allocate 685456 bytes for Chunk::new
# Possible reasons:
#   The system is out of physical RAM or swap space
#   In 32 bit mode, the process size limit was hit
# Possible solutions:
#   Reduce memory load on the system
#   Increase physical memory or swap space
#   Check if swap backing store is full
#   Use 64 bit Java on a 64 bit OS
#   Decrease Java heap size (-Xmx/-Xms)
#   Decrease number of Java threads
#   Decrease Java thread stack sizes (-Xss)
#   Set larger code cache with -XX:ReservedCodeCacheSize=
# This output file may be truncated or incomplete.
#
#  Out of Memory Error (allocation.cpp:390), pid=16052, tid=0x0000000000003e6c
#
# JRE version: Java(TM) SE Runtime Environment (8.0_171-b11) (build 1.8.0_171-b11)
# Java VM: Java HotSpot(TM) 64-Bit Server VM (25.171-b11 mixed mode windows-amd64 compressed oops)
# Failed to write core dump. Minidumps are not enabled by default on client versions of Windows
#

---------------  T H R E A D  ---------------

Current thread (0x0000000019ca8800):  JavaThread "C2 CompilerThread1" daemon [_thread_in_native, id=15980, stack(0x000000001b3e0000,0x000000001b4e0000)]

Stack: [0x000000001b3e0000,0x000000001b4e0000]
[error occurred during error reporting (printing stack bounds), id 0xc0000005]

Native frames: (J=compiled Java code, j=interpreted, Vv=VM code, C=native code)


Current CompileTask:
C2:   8672 2267   !   4       java.lang.ClassLoader::loadClass (122 bytes)


---------------  P R O C E S S  ---------------

Java Threads: ( => current thread )
  0x000000001b512800 JavaThread "Service Thread" daemon [_thread_blocked, id=10000, stack(0x000000001b9e0000,0x000000001bae0000)]
  0x000000001b4fb800 JavaThread "C1 CompilerThread2" daemon [_thread_in_native, id=11664, stack(0x000000001b8e0000,0x000000001b9e0000)]
=>0x0000000019ca8800 JavaThread "C2 CompilerThread1" daemon [_thread_in_native, id=15980, stack(0x000000001b3e0000,0x000000001b4e0000)]
  0x0000000019c8a800 JavaThread "C2 CompilerThread0" daemon [_thread_in_native, id=13196, stack(0x000000001b2e0000,0x000000001b3e0000)]
  0x0000000019c87800 JavaThread "Attach Listener" daemon [_thread_blocked, id=3328, stack(0x000000001b1e0000,0x000000001b2e0000)]
  0x0000000019c84000 JavaThread "Signal Dispatcher" daemon [_thread_blocked, id=6020, stack(0x000000001b0e0000,0x000000001b1e0000)]
  0x0000000019c6c000 JavaThread "Finalizer" daemon [_thread_blocked, id=16104, stack(0x000000001aee0000,0x000000001afe0000)]
  0x0000000005116000 JavaThread "Reference Handler" daemon [_thread_blocked, id=8260, stack(0x000000001ade0000,0x000000001aee0000)]
  0x0000000005026800 JavaThread "main" [_thread_in_vm, id=14836, stack(0x0000000004f20000,0x0000000005020000)]

Other Threads:
  0x0000000019c47000 VMThread [stack: 0x000000001ace0000,0x000000001ade0000] [id=13008]
  0x000000001b523800 WatcherThread [stack: 0x000000001bae0000,0x000000001bbe0000] [id=10560]

VM state:not at safepoint (normal execution)

VM Mutex/Monitor currently owned by a thread: None

Heap:
 PSYoungGen      total 138240K, used 21313K [0x00000000d5f00000, 0x00000000df700000, 0x0000000100000000)
  eden space 130048K, 10% used [0x00000000d5f00000,0x00000000d6bd30a0,0x00000000dde00000)
  from space 8192K, 99% used [0x00000000de900000,0x00000000df0fd758,0x00000000df100000)
  to   space 11264K, 0% used [0x00000000dde00000,0x00000000dde00000,0x00000000de900000)
 ParOldGen       total 87552K, used 9674K [0x0000000081c00000, 0x0000000087180000, 0x00000000d5f00000)
  object space 87552K, 11% used [0x0000000081c00000,0x0000000082572898,0x0000000087180000)
 Metaspace       used 19128K, capacity 20404K, committed 20480K, reserved 1067008K
  class space    used 2372K, capacity 2810K, committed 2816K, reserved 1048576K

Card table byte_map: [0x00000000144e0000,0x00000000148e0000] byte_map_base: 0x00000000140d2000

Marking Bits: (ParMarkBitMap*) 0x000000006f9808c0
 Begin Bits: [0x0000000014f90000, 0x0000000016f20000)
 End Bits:   [0x0000000016f20000, 0x0000000018eb0000)

Polling page: 0x0000000003530000

CodeCache: size=245760Kb used=9338Kb max_used=9338Kb free=236421Kb
 bounds [0x0000000005120000, 0x0000000005a50000, 0x0000000014120000]
 total_blobs=2964 nmethods=2320 adapters=555
 compilation: enabled

Compilation events (10 events):
Event: 8.656 Thread 0x000000001b4fb800 2316       3       sun.reflect.generics.reflectiveObjects.TypeVariableImpl::<init> (22 bytes)
Event: 8.656 Thread 0x000000001b4fb800 nmethod 2316 0x0000000005a3d090 code [0x0000000005a3d200, 0x0000000005a3d470]
Event: 8.656 Thread 0x000000001b4fb800 2317       3       java.util.regex.Pattern::<init> (90 bytes)
Event: 8.657 Thread 0x000000001b4fb800 nmethod 2317 0x0000000005a3d590 code [0x0000000005a3d760, 0x0000000005a3dfd8]
Event: 8.657 Thread 0x000000001b4fb800 2318       3       java.util.regex.Pattern::compile (406 bytes)
Event: 8.660 Thread 0x000000001b4fb800 nmethod 2318 0x0000000005a3e3d0 code [0x0000000005a3e780, 0x0000000005a40a88]
Event: 8.660 Thread 0x000000001b4fb800 2320   !   3       sun.reflect.generics.factory.CoreReflectionFactory::makeNamedType (21 bytes)
Event: 8.661 Thread 0x000000001b4fb800 nmethod 2320 0x0000000005a418d0 code [0x0000000005a41a60, 0x0000000005a41d28]
Event: 8.661 Thread 0x000000001b4fb800 2319       3       sun.reflect.generics.tree.Wildcard::accept (8 bytes)
Event: 8.661 Thread 0x000000001b4fb800 nmethod 2319 0x0000000005a41e90 code [0x0000000005a42040, 0x0000000005a426d0]

GC Heap History (10 events):
Event: 2.415 GC heap before
{Heap before GC invocations=2 (full 0):
 PSYoungGen      total 38400K, used 38053K [0x00000000d5f00000, 0x00000000d8980000, 0x0000000100000000)
  eden space 33280K, 100% used [0x00000000d5f00000,0x00000000d7f80000,0x00000000d7f80000)
  from space 5120K, 93% used [0x00000000d7f80000,0x00000000d8429578,0x00000000d8480000)
  to   space 5120K, 0% used [0x00000000d8480000,0x00000000d8480000,0x00000000d8980000)
 ParOldGen       total 87552K, used 8K [0x0000000081c00000, 0x0000000087180000, 0x00000000d5f00000)
  object space 87552K, 0% used [0x0000000081c00000,0x0000000081c02000,0x0000000087180000)
 Metaspace       used 11481K, capacity 11778K, committed 11904K, reserved 1060864K
  class space    used 1275K, capacity 1385K, committed 1408K, reserved 1048576K
Event: 2.436 GC heap after
Heap after GC invocations=2 (full 0):
 PSYoungGen      total 38400K, used 5120K [0x00000000d5f00000, 0x00000000daa00000, 0x0000000100000000)
  eden space 33280K, 0% used [0x00000000d5f00000,0x00000000d5f00000,0x00000000d7f80000)
  from space 5120K, 100% used [0x00000000d8480000,0x00000000d8980000,0x00000000d8980000)
  to   space 5120K, 0% used [0x00000000d7f80000,0x00000000d7f80000,0x00000000d8480000)
 ParOldGen       total 87552K, used 2523K [0x0000000081c00000, 0x0000000087180000, 0x00000000d5f00000)
  object space 87552K, 2% used [0x0000000081c00000,0x0000000081e76e58,0x0000000087180000)
 Metaspace       used 11481K, capacity 11778K, committed 11904K, reserved 1060864K
  class space    used 1275K, capacity 1385K, committed 1408K, reserved 1048576K
}
Event: 2.925 GC heap before
{Heap before GC invocations=3 (full 0):
 PSYoungGen      total 38400K, used 38400K [0x00000000d5f00000, 0x00000000daa00000, 0x0000000100000000)
  eden space 33280K, 100% used [0x00000000d5f00000,0x00000000d7f80000,0x00000000d7f80000)
  from space 5120K, 100% used [0x00000000d8480000,0x00000000d8980000,0x00000000d8980000)
  to   space 5120K, 0% used [0x00000000d7f80000,0x00000000d7f80000,0x00000000d8480000)
 ParOldGen       total 87552K, used 2523K [0x0000000081c00000, 0x0000000087180000, 0x00000000d5f00000)
  object space 87552K, 2% used [0x0000000081c00000,0x0000000081e76e58,0x0000000087180000)
 Metaspace       used 12380K, capacity 13210K, committed 13312K, reserved 1060864K
  class space    used 1445K, capacity 1710K, committed 1792K, reserved 1048576K
Event: 2.938 GC heap after
Heap after GC invocations=3 (full 0):
 PSYoungGen      total 38400K, used 5109K [0x00000000d5f00000, 0x00000000daa00000, 0x0000000100000000)
  eden space 33280K, 0% used [0x00000000d5f00000,0x00000000d5f00000,0x00000000d7f80000)
  from space 5120K, 99% used [0x00000000d7f80000,0x00000000d847d738,0x00000000d8480000)
  to   space 5120K, 0% used [0x00000000da500000,0x00000000da500000,0x00000000daa00000)
 ParOldGen       total 87552K, used 4334K [0x0000000081c00000, 0x0000000087180000, 0x00000000d5f00000)
  object space 87552K, 4% used [0x0000000081c00000,0x000000008203ba68,0x0000000087180000)
 Metaspace       used 12380K, capacity 13210K, committed 13312K, reserved 1060864K
  class space    used 1445K, capacity 1710K, committed 1792K, reserved 1048576K
}
Event: 3.059 GC heap before
{Heap before GC invocations=4 (full 0):
 PSYoungGen      total 38400K, used 38389K [0x00000000d5f00000, 0x00000000daa00000, 0x0000000100000000)
  eden space 33280K, 100% used [0x00000000d5f00000,0x00000000d7f80000,0x00000000d7f80000)
  from space 5120K, 99% used [0x00000000d7f80000,0x00000000d847d738,0x00000000d8480000)
  to   space 5120K, 0% used [0x00000000da500000,0x00000000da500000,0x00000000daa00000)
 ParOldGen       total 87552K, used 4334K [0x0000000081c00000, 0x0000000087180000, 0x00000000d5f00000)
  object space 87552K, 4% used [0x0000000081c00000,0x000000008203ba68,0x0000000087180000)
 Metaspace       used 12586K, capacity 13514K, committed 13568K, reserved 1060864K
  class space    used 1467K, capacity 1744K, committed 1792K, reserved 1048576K
Event: 3.068 GC heap after
Heap after GC invocations=4 (full 0):
 PSYoungGen      total 71680K, used 5120K [0x00000000d5f00000, 0x00000000daa00000, 0x0000000100000000)
  eden space 66560K, 0% used [0x00000000d5f00000,0x00000000d5f00000,0x00000000da000000)
  from space 5120K, 100% used [0x00000000da500000,0x00000000daa00000,0x00000000daa00000)
  to   space 5120K, 0% used [0x00000000da000000,0x00000000da000000,0x00000000da500000)
 ParOldGen       total 87552K, used 4717K [0x0000000081c00000, 0x0000000087180000, 0x00000000d5f00000)
  object space 87552K, 5% used [0x0000000081c00000,0x000000008209b600,0x0000000087180000)
 Metaspace       used 12586K, capacity 13514K, committed 13568K, reserved 1060864K
  class space    used 1467K, capacity 1744K, committed 1792K, reserved 1048576K
}
Event: 3.423 GC heap before
{Heap before GC invocations=5 (full 0):
 PSYoungGen      total 71680K, used 71680K [0x00000000d5f00000, 0x00000000daa00000, 0x0000000100000000)
  eden space 66560K, 100% used [0x00000000d5f00000,0x00000000da000000,0x00000000da000000)
  from space 5120K, 100% used [0x00000000da500000,0x00000000daa00000,0x00000000daa00000)
  to   space 5120K, 0% used [0x00000000da000000,0x00000000da000000,0x00000000da500000)
 ParOldGen       total 87552K, used 4717K [0x0000000081c00000, 0x0000000087180000, 0x00000000d5f00000)
  object space 87552K, 5% used [0x0000000081c00000,0x000000008209b600,0x0000000087180000)
 Metaspace       used 13532K, capacity 14472K, committed 14720K, reserved 1062912K
  class space    used 1605K, capacity 1895K, committed 1920K, reserved 1048576K
Event: 3.445 GC heap after
Heap after GC invocations=5 (full 0):
 PSYoungGen      total 71680K, used 5120K [0x00000000d5f00000, 0x00000000df100000, 0x0000000100000000)
  eden space 66560K, 0% used [0x00000000d5f00000,0x00000000d5f00000,0x00000000da000000)
  from space 5120K, 100% used [0x00000000da000000,0x00000000da500000,0x00000000da500000)
  to   space 8192K, 0% used [0x00000000de900000,0x00000000de900000,0x00000000df100000)
 ParOldGen       total 87552K, used 6226K [0x0000000081c00000, 0x0000000087180000, 0x00000000d5f00000)
  object space 87552K, 7% used [0x0000000081c00000,0x0000000082214810,0x0000000087180000)
 Metaspace       used 13532K, capacity 14472K, committed 14720K, reserved 1062912K
  class space    used 1605K, capacity 1895K, committed 1920K, reserved 1048576K
}
Event: 6.456 GC heap before
{Heap before GC invocations=6 (full 0):
 PSYoungGen      total 71680K, used 71680K [0x00000000d5f00000, 0x00000000df100000, 0x0000000100000000)
  eden space 66560K, 100% used [0x00000000d5f00000,0x00000000da000000,0x00000000da000000)
  from space 5120K, 100% used [0x00000000da000000,0x00000000da500000,0x00000000da500000)
  to   space 8192K, 0% used [0x00000000de900000,0x00000000de900000,0x00000000df100000)
 ParOldGen       total 87552K, used 6226K [0x0000000081c00000, 0x0000000087180000, 0x00000000d5f00000)
  object space 87552K, 7% used [0x0000000081c00000,0x0000000082214810,0x0000000087180000)
 Metaspace       used 18053K, capacity 19350K, committed 19584K, reserved 1067008K
  class space    used 2230K, capacity 2670K, committed 2688K, reserved 1048576K
Event: 6.509 GC heap after
Heap after GC invocations=6 (full 0):
 PSYoungGen      total 138240K, used 8181K [0x00000000d5f00000, 0x00000000df700000, 0x0000000100000000)
  eden space 130048K, 0% used [0x00000000d5f00000,0x00000000d5f00000,0x00000000dde00000)
  from space 8192K, 99% used [0x00000000de900000,0x00000000df0fd758,0x00000000df100000)
  to   space 11264K, 0% used [0x00000000dde00000,0x00000000dde00000,0x00000000de900000)
 ParOldGen       total 87552K, used 9674K [0x0000000081c00000, 0x0000000087180000, 0x00000000d5f00000)
  object space 87552K, 11% used [0x0000000081c00000,0x0000000082572898,0x0000000087180000)
 Metaspace       used 18053K, capacity 19350K, committed 19584K, reserved 1067008K
  class space    used 2230K, capacity 2670K, committed 2688K, reserved 1048576K
}

Deoptimization events (10 events):
Event: 7.793 Thread 0x0000000005026800 Uncommon trap: reason=class_check action=maybe_recompile pc=0x0000000005873a34 method=java.util.regex.Pattern$Curly.match(Ljava/util/regex/Matcher;ILjava/lang/CharSequence;)Z @ 19
Event: 7.793 Thread 0x0000000005026800 Uncommon trap: reason=class_check action=maybe_recompile pc=0x0000000005873a34 method=java.util.regex.Pattern$Curly.match(Ljava/util/regex/Matcher;ILjava/lang/CharSequence;)Z @ 19
Event: 7.846 Thread 0x0000000005026800 Uncommon trap: reason=unstable_if action=reinterpret pc=0x00000000057885c0 method=java.util.concurrent.ConcurrentHashMap.putVal(Ljava/lang/Object;Ljava/lang/Object;Z)Ljava/lang/Object; @ 206
Event: 8.532 Thread 0x0000000005026800 Uncommon trap: reason=unstable_if action=reinterpret pc=0x00000000055a5114 method=java.util.HashMap.getNode(ILjava/lang/Object;)Ljava/util/HashMap$Node; @ 129
Event: 8.532 Thread 0x0000000005026800 Uncommon trap: reason=bimorphic action=maybe_recompile pc=0x00000000058ebfd0 method=java.util.HashMap.putVal(ILjava/lang/Object;Ljava/lang/Object;ZZ)Ljava/lang/Object; @ 203
Event: 8.536 Thread 0x0000000005026800 Uncommon trap: reason=unstable_if action=reinterpret pc=0x000000000559f4fc method=java.util.HashMap.getNode(ILjava/lang/Object;)Ljava/util/HashMap$Node; @ 129
Event: 8.536 Thread 0x0000000005026800 Uncommon trap: reason=bimorphic action=maybe_recompile pc=0x00000000058ebfd0 method=java.util.HashMap.putVal(ILjava/lang/Object;Ljava/lang/Object;ZZ)Ljava/lang/Object; @ 203
Event: 8.536 Thread 0x0000000005026800 Uncommon trap: reason=bimorphic action=maybe_recompile pc=0x00000000058ebfd0 method=java.util.HashMap.putVal(ILjava/lang/Object;Ljava/lang/Object;ZZ)Ljava/lang/Object; @ 203
Event: 8.580 Thread 0x0000000005026800 Uncommon trap: reason=unstable_if action=reinterpret pc=0x00000000057d8594 method=groovyjarjarasm.asm.Type.getArgumentsAndReturnSizes(Ljava/lang/String;)I @ 117
Event: 8.630 Thread 0x0000000005026800 Uncommon trap: reason=unstable_if action=reinterpret pc=0x0000000005986290 method=groovy.lang.MetaClassImpl$1MOPIter.processFastArray(Lorg/codehaus/groovy/util/FastArray;)V @ 85

Classes redefined (0 events):
No events

Internal exceptions (10 events):
Event: 8.602 Thread 0x0000000005026800 Exception <a 'java/lang/ClassNotFoundException': org/apache/http/message/BufferedHeaderBeanInfo> (0x00000000d654b638) thrown at [C:\re\workspace\8-2-build-windows-amd64-cygwin\jdk8u171\10807\hotspot\src\share\vm\classfile\systemDictionary.cpp, line 210]
Event: 8.603 Thread 0x0000000005026800 Exception <a 'java/lang/ClassNotFoundException': org/apache/http/message/BufferedHeaderCustomizer> (0x00000000d6565020) thrown at [C:\re\workspace\8-2-build-windows-amd64-cygwin\jdk8u171\10807\hotspot\src\share\vm\classfile\systemDictionary.cpp, line 210]
Event: 8.615 Thread 0x0000000005026800 Exception <a 'java/lang/ClassNotFoundException': io/restassured/config/ConnectionConfigBeanInfo> (0x00000000d65e3a10) thrown at [C:\re\workspace\8-2-build-windows-amd64-cygwin\jdk8u171\10807\hotspot\src\share\vm\classfile\systemDictionary.cpp, line 210]
Event: 8.616 Thread 0x0000000005026800 Exception <a 'java/lang/ClassNotFoundException': io/restassured/config/ConnectionConfigCustomizer> (0x00000000d65fc0e8) thrown at [C:\re\workspace\8-2-build-windows-amd64-cygwin\jdk8u171\10807\hotspot\src\share\vm\classfile\systemDictionary.cpp, line 210]
Event: 8.631 Thread 0x0000000005026800 Exception <a 'java/lang/ClassNotFoundException': io/restassured/internal/ValidatableResponseImplBeanInfo> (0x00000000d66cb6d8) thrown at [C:\re\workspace\8-2-build-windows-amd64-cygwin\jdk8u171\10807\hotspot\src\share\vm\classfile\systemDictionary.cpp, li
Event: 8.632 Thread 0x0000000005026800 Exception <a 'java/lang/ClassNotFoundException': io/restassured/internal/ValidatableResponseOptionsImplBeanInfo> (0x00000000d66e66d8) thrown at [C:\re\workspace\8-2-build-windows-amd64-cygwin\jdk8u171\10807\hotspot\src\share\vm\classfile\systemDictionary.
Event: 8.632 Thread 0x0000000005026800 Exception <a 'java/lang/ClassNotFoundException': io/restassured/internal/ValidatableResponseOptionsImplCustomizer> (0x00000000d6702348) thrown at [C:\re\workspace\8-2-build-windows-amd64-cygwin\jdk8u171\10807\hotspot\src\share\vm\classfile\systemDictionar
Event: 8.636 Thread 0x0000000005026800 Exception <a 'java/lang/ClassNotFoundException': io/restassured/internal/ValidatableResponseImplCustomizer> (0x00000000d6768118) thrown at [C:\re\workspace\8-2-build-windows-amd64-cygwin\jdk8u171\10807\hotspot\src\share\vm\classfile\systemDictionary.cpp, 
Event: 8.650 Thread 0x0000000005026800 Exception <a 'java/lang/ClassNotFoundException': org/hamcrest/MatchersBeanInfo> (0x00000000d68b31a0) thrown at [C:\re\workspace\8-2-build-windows-amd64-cygwin\jdk8u171\10807\hotspot\src\share\vm\classfile\systemDictionary.cpp, line 210]
Event: 8.651 Thread 0x0000000005026800 Exception <a 'java/lang/ClassNotFoundException': org/hamcrest/MatchersCustomizer> (0x00000000d68c4b60) thrown at [C:\re\workspace\8-2-build-windows-amd64-cygwin\jdk8u171\10807\hotspot\src\share\vm\classfile\systemDictionary.cpp, line 210]

Events (10 events):
Event: 8.651 loading class org/hamcrest/MatchersCustomizer
Event: 8.651 loading class org/hamcrest/MatchersCustomizer done
Event: 8.653 loading class sun/reflect/generics/tree/DoubleSignature
Event: 8.654 loading class sun/reflect/generics/tree/DoubleSignature done
Event: 8.661 loading class org/hamcrest/core/IsEqual
Event: 8.661 loading class org/hamcrest/core/IsEqual done
Event: 8.662 loading class io/restassured/internal/ResponseSpecificationImpl$_statusCode_closure3
Event: 8.662 loading class io/restassured/internal/ResponseSpecificationImpl$_statusCode_closure3 done
Event: 8.663 loading class groovy/runtime/metaclass/io/restassured/internal/ResponseSpecificationImpl$_statusCode_closure3MetaClass
Event: 8.663 loading class groovy/runtime/metaclass/io/restassured/internal/ResponseSpecificationImpl$_statusCode_closure3MetaClass done


Dynamic libraries:
0x00007ff66cd10000 - 0x00007ff66cd47000 	C:\Program Files\Java\jre1.8.0_171\bin\javaw.exe
0x00007ffb10230000 - 0x00007ffb10410000 	C:\WINDOWS\SYSTEM32\ntdll.dll
0x00007ffb0f0a0000 - 0x00007ffb0f14e000 	C:\WINDOWS\System32\KERNEL32.DLL
0x00007ffb0c6d0000 - 0x00007ffb0c936000 	C:\WINDOWS\System32\KERNELBASE.dll
0x000000006fc60000 - 0x000000006ff88000 	C:\ProgramData\Symantec\Symantec Endpoint Protection\14.2.5323.2000.105\Data\Definitions\IPSDefs\20200505.064\IPSEng64.dll
0x00007ffb0eed0000 - 0x00007ffb0ef71000 	C:\WINDOWS\System32\ADVAPI32.dll
0x00007ffb0edd0000 - 0x00007ffb0ee6d000 	C:\WINDOWS\System32\msvcrt.dll
0x00007ffb0ee70000 - 0x00007ffb0eecb000 	C:\WINDOWS\System32\sechost.dll
0x00007ffb0fdb0000 - 0x00007ffb0fecf000 	C:\WINDOWS\System32\RPCRT4.dll
0x00007ffb0d7d0000 - 0x00007ffb0d7d8000 	C:\WINDOWS\System32\PSAPI.DLL
0x00007ffb0fc20000 - 0x00007ffb0fdaf000 	C:\WINDOWS\System32\USER32.dll
0x00007ffb0c6b0000 - 0x00007ffb0c6d0000 	C:\WINDOWS\System32\win32u.dll
0x00007ffb0ec20000 - 0x00007ffb0ec48000 	C:\WINDOWS\System32\GDI32.dll
0x00007ffb0ca40000 - 0x00007ffb0cbd2000 	C:\WINDOWS\System32\gdi32full.dll
0x00007ffb0d390000 - 0x00007ffb0d42b000 	C:\WINDOWS\System32\msvcp_win.dll
0x00007ffb0c940000 - 0x00007ffb0ca34000 	C:\WINDOWS\System32\ucrtbase.dll
0x00007ffaffcf0000 - 0x00007ffafff59000 	C:\WINDOWS\WinSxS\amd64_microsoft.windows.common-controls_6595b64144ccf1df_6.0.16299.1806_none_0f88880e5a6ca7e6\COMCTL32.dll
0x00007ffb0f7a0000 - 0x00007ffb0faa6000 	C:\WINDOWS\System32\combase.dll
0x00007ffb0c630000 - 0x00007ffb0c6a8000 	C:\WINDOWS\System32\bcryptPrimitives.dll
0x00007ffb0eda0000 - 0x00007ffb0edcd000 	C:\WINDOWS\System32\IMM32.DLL
0x000000006ec40000 - 0x000000006ed12000 	C:\Program Files\Java\jre1.8.0_171\bin\msvcr100.dll
0x000000006f160000 - 0x000000006fa00000 	C:\Program Files\Java\jre1.8.0_171\bin\server\jvm.dll
0x00007ffb0b340000 - 0x00007ffb0b349000 	C:\WINDOWS\SYSTEM32\WSOCK32.dll
0x00007ffb0ed30000 - 0x00007ffb0ed9c000 	C:\WINDOWS\System32\WS2_32.dll
0x00007ffb09dc0000 - 0x00007ffb09de3000 	C:\WINDOWS\SYSTEM32\WINMM.dll
0x00007ffb09d60000 - 0x00007ffb09d8a000 	C:\WINDOWS\SYSTEM32\WINMMBASE.dll
0x00007ffb0d4e0000 - 0x00007ffb0d52a000 	C:\WINDOWS\System32\cfgmgr32.dll
0x00007ffafe020000 - 0x00007ffafe02a000 	C:\WINDOWS\SYSTEM32\VERSION.dll
0x000000006f070000 - 0x000000006f07f000 	C:\Program Files\Java\jre1.8.0_171\bin\verify.dll
0x000000006f040000 - 0x000000006f069000 	C:\Program Files\Java\jre1.8.0_171\bin\java.dll
0x000000006f020000 - 0x000000006f036000 	C:\Program Files\Java\jre1.8.0_171\bin\zip.dll
0x00007ffb0d7e0000 - 0x00007ffb0ec1d000 	C:\WINDOWS\System32\SHELL32.dll
0x00007ffb0d700000 - 0x00007ffb0d7a6000 	C:\WINDOWS\System32\shcore.dll
0x00007ffb0cbe0000 - 0x00007ffb0d32a000 	C:\WINDOWS\System32\windows.storage.dll
0x00007ffb0f150000 - 0x00007ffb0f1a1000 	C:\WINDOWS\System32\shlwapi.dll
0x00007ffb0c610000 - 0x00007ffb0c621000 	C:\WINDOWS\System32\kernel.appcore.dll
0x00007ffb0c5a0000 - 0x00007ffb0c5ec000 	C:\WINDOWS\System32\powrprof.dll
0x00007ffb0c580000 - 0x00007ffb0c59b000 	C:\WINDOWS\System32\profapi.dll
0x000000006efb0000 - 0x000000006efd4000 	C:\Program Files\Java\jre1.8.0_171\bin\sunec.dll
0x000000006f000000 - 0x000000006f01a000 	C:\Program Files\Java\jre1.8.0_171\bin\net.dll
0x00007ffb0bdb0000 - 0x00007ffb0be16000 	C:\WINDOWS\system32\mswsock.dll
0x00007ffb0bb00000 - 0x00007ffb0bb39000 	C:\WINDOWS\SYSTEM32\IPHLPAPI.DLL
0x00007ffb0f090000 - 0x00007ffb0f098000 	C:\WINDOWS\System32\NSI.dll
0x00007ffb06770000 - 0x00007ffb06786000 	C:\WINDOWS\SYSTEM32\dhcpcsvc6.DLL
0x00007ffb06150000 - 0x00007ffb0616a000 	C:\WINDOWS\SYSTEM32\dhcpcsvc.DLL
0x000000006efe0000 - 0x000000006eff1000 	C:\Program Files\Java\jre1.8.0_171\bin\nio.dll
0x00007ffb0bf70000 - 0x00007ffb0bf87000 	C:\WINDOWS\SYSTEM32\CRYPTSP.dll
0x00007ffb0b970000 - 0x00007ffb0b9a3000 	C:\WINDOWS\system32\rsaenh.dll
0x00007ffb0c080000 - 0x00007ffb0c0a5000 	C:\WINDOWS\SYSTEM32\bcrypt.dll
0x00007ffb0c480000 - 0x00007ffb0c4a9000 	C:\WINDOWS\SYSTEM32\USERENV.dll
0x00007ffb0bf90000 - 0x00007ffb0bf9b000 	C:\WINDOWS\SYSTEM32\CRYPTBASE.dll
0x00007ffb0bb50000 - 0x00007ffb0bc07000 	C:\WINDOWS\SYSTEM32\DNSAPI.dll
0x00007ffb012e0000 - 0x00007ffb012ea000 	C:\Windows\System32\rasadhlp.dll
0x00007ffb06a70000 - 0x00007ffb06ae0000 	C:\WINDOWS\System32\fwpuclnt.dll
0x000000006efa0000 - 0x000000006efab000 	C:\Program Files\Java\jre1.8.0_171\bin\sunmscapi.dll
0x00007ffb0d530000 - 0x00007ffb0d6fe000 	C:\WINDOWS\System32\CRYPT32.dll
0x00007ffb0c5f0000 - 0x00007ffb0c602000 	C:\WINDOWS\System32\MSASN1.dll

VM Arguments:
jvm_args: -Dfile.encoding=Cp1252 
java_command: api.PostApi
java_class_path (initial): C:\Users\shegde2\eclipse-workspace\ApiAutomation\bin;C:\Users\shegde2\Downloads\json-path-4.3.0-dist\json-path-4.3.0.jar;C:\Users\shegde2\Downloads\json-path-4.3.0-dist\json-path-4.3.0-deps\commons-lang3-3.4.jar;C:\Users\shegde2\Downloads\json-path-4.3.0-dist\json-path-4.3.0-deps\groovy-3.0.2.jar;C:\Users\shegde2\Downloads\json-path-4.3.0-dist\json-path-4.3.0-deps\groovy-json-3.0.2.jar;C:\Users\shegde2\Downloads\json-schema-validator-4.3.0-dist\json-schema-validator-4.3.0.jar;C:\Users\shegde2\Downloads\json-schema-validator-4.3.0-dist\json-schema-validator-4.3.0-deps\activation-1.1.1.jar;C:\Users\shegde2\Downloads\json-schema-validator-4.3.0-dist\json-schema-validator-4.3.0-deps\btf-1.2.jar;C:\Users\shegde2\Downloads\json-schema-validator-4.3.0-dist\json-schema-validator-4.3.0-deps\guava-16.0.1.jar;C:\Users\shegde2\Downloads\json-schema-validator-4.3.0-dist\json-schema-validator-4.3.0-deps\hamcrest-2.1.jar;C:\Users\shegde2\Downloads\json-schema-validator-4.3.0-dist\json-schema-validator-4.3.0-deps\jackson-annotations-2.10.2.jar;C:\Users\shegde2\Downloads\json-schema-validator-4.3.0-dist\json-schema-validator-4.3.0-deps\jackson-core-2.10.2.jar;C:\Users\shegde2\Downloads\json-schema-validator-4.3.0-dist\json-schema-validator-4.3.0-deps\jackson-coreutils-1.9.jar;C:\Users\shegde2\Downloads\json-schema-validator-4.3.0-dist\json-schema-validator-4.3.0-deps\jackson-databind-2.10.2.jar;C:\Users\shegde2\Downloads\json-schema-validator-4.3.0-dist\json-schema-validator-4.3.0-deps\joda-time-2.9.7.jar;C:\Users\shegde2\Downloads\json-schema-validator-4.3.0-dist\json-schema-validator-4.3.0-deps\jopt-simple-5.0.3.jar;C:\Users\shegde2\Downloads\json-schema-validator-4.3.0-dist\json-schema-validator-4.3.0-deps\json-schema-core-1.2.10.jar;C:\Users\shegde2\Downloads\json-schema-validator-4.3.0-dist\json-schema-validator-4.3.0-deps\json-schema-validator-2.2.10.jar;C:\Users\shegde2\Downloads\json-schema-validator-4.3.0-dist\json-schema-validator-4.3.0-deps\js
Launcher Type: SUN_STANDARD

Environment Variables:
JAVA_HOME=C:\Program Files\Java\jdk1.8.0_171
PATH=C:/Program Files/Java/jre1.8.0_171/bin/server;C:/Program Files/Java/jre1.8.0_171/bin;C:/Program Files/Java/jre1.8.0_171/lib/amd64;C:\Program Files (x86)\Common Files\Oracle\Java\javapath;C:\WINDOWS\system32;C:\WINDOWS;C:\WINDOWS\System32\Wbem;C:\WINDOWS\System32\WindowsPowerShell\v1.0\;C:\Program Files (x86)\Sennheiser\SoftphoneSDK\;C:\Program Files\PuTTY\;C:\Users\shegde2\AppData\Local\Microsoft\WindowsApps;C:\Users\shegde2\AppData\Local\Programs\Git\cmd;C:\apache-maven-3.6.1-bin\apache-maven-3.6.1\bin;C:\Program Files\Java\jdk1.8.0_171\bin;C:\node-v10.16.3-win-x64;C:\Users\shegde2\gradle-5.6.3-all\gradle-5.6.3\bin;C:\Users\shegde2\AppData\Local\atom\bin;C:\Users\shegde2\AppData\Local\Programs\Microsoft VS Code\bin;C:\Users\shegde2\python;;C:\Users\shegde2\AppData\Local\hyper\app-3.0.2\resources\bin;C:\eclipse-dsl-2018-12-R-win32-x86_64\eclipse;
USERNAME=shegde2
OS=Windows_NT
PROCESSOR_IDENTIFIER=Intel64 Family 6 Model 61 Stepping 4, GenuineIntel



---------------  S Y S T E M  ---------------

OS: Windows 10.0 , 64 bit Build 16299 (10.0.16299.1806)

CPU:total 4 (initial active 4) (2 cores per cpu, 2 threads per core) family 6 model 61 stepping 4, cmov, cx8, fxsr, mmx, sse, sse2, sse3, ssse3, sse4.1, sse4.2, popcnt, avx, avx2, aes, clmul, erms, rtm, 3dnowpref, lzcnt, ht, tsc, tscinvbit, bmi1, bmi2, adx

Memory: 4k page, physical 8268864k(749000k free), swap 8268864k(5164k free)

vm_info: Java HotSpot(TM) 64-Bit Server VM (25.171-b11) for windows-amd64 JRE (1.8.0_171-b11), built on Mar 28 2018 16:06:12 by "java_re" with MS VC++ 10.0 (VS2010)

time: Wed May 06 18:33:44 2020
elapsed time: 8 seconds (0d 0h 0m 8s)

